----------------------------------------------
CRASH: Mon Sep  2 19:57:32 MSK 2024
Start Line: ./hlds_linux -game cstrike +ip 62.122.213.108 +port 27015 +map de_dust2 +maxplayers 32 +sys_ticrate 800 -pingboost 4 -noipx -condebug -debug -norestart -pidfile game.pid
[New LWP 17792]
[New LWP 17793]
[New LWP 17798]
[New LWP 17799]
[New LWP 17801]
[New LWP 17805]
[New LWP 17806]
[New LWP 17807]
[New LWP 17808]
[New LWP 17810]
[Thread debugging using libthread_db enabled]
Using host libthread_db library "/lib64/libthread_db.so.1".
Core was generated by `./hlds_linux -game cstrike +ip 62.122.213.108 +port 27015 +map de_dust2 +maxpla'.
Program terminated with signal 11, Segmentation fault.
#0  0xb678e7bc in L10 () from /home/server97356/game/engine_i486.so
#0  0xb678e7bc in L10 () from /home/server97356/game/engine_i486.so
No symbol table info available.
From        To          Syms Read   Shared Object Library
0xb7225914  0xb726bc78  Yes         ./libstdc++.so.6
0xb71d1a30  0xb71d291c  Yes (*)     /lib/libdl.so.2
0xb71ba730  0xb71c6907  Yes (*)     /lib/libpthread.so.0
0xb70017b0  0xb715175b  Yes (*)     /lib/libc.so.6
0xb6f477a0  0xb6fb4254  Yes (*)     /lib/preload++.so.6
0xb6ec3490  0xb6eedc66  Yes (*)     /lib/libm.so.6
0xb6eabe04  0xb6ebb490  Yes         ./libgcc_s.so.1
0xb77228a0  0xb773db91  Yes (*)     /lib/ld-linux.so.2
0xb6e96a10  0xb6e9e089  Yes (*)     /lib/libnss_files.so.2
0xb6788530  0xb68a4891  Yes (*)     /home/server97356/game/engine_i486.so
0xb66e68e0  0xb66e9f3a  Yes (*)     /lib/librt.so.1
0xb66d45c0  0xb66ded74  Yes (*)     /home/server97356/game/./libsteam_api.so
0xb666f020  0xb668a228  Yes (*)     /home/server97356/game/filesystem_stdio.so
0xb550fd00  0xb618e780  Yes (*)     /home/server97356/.steam/sdk32/steamclient.so
0xb2bf8490  0xb2c3b990  Yes (*)     /home/server97356/game/./cstrike/addons/metamod/metamod_i386.so
0xb2965a50  0xb2acb83b  Yes (*)     /home/server97356/game/cstrike/dlls/cs.so
0xb28605d0  0xb2876d20  Yes (*)     /home/server97356/game/cstrike/addons/reunion/reunion_mm_i386.so
0xb2836b40  0xb28400b0  Yes (*)     /home/server97356/game/cstrike/addons/reauthcheck/reauthcheck_mm_i386.so
0xb280f300  0xb2825cab  Yes (*)     /home/server97356/game/cstrike/addons/rechecker/rechecker_mm_i386.so
0xb27f7980  0xb2803d30  Yes (*)     /home/server97356/game/cstrike/addons/resrdetector/resrdetector_mm_i386.so
0xb27e5b90  0xb27ef2f0  Yes (*)     /home/server97356/game/cstrike/addons/resemiclip/resemiclip_mm_i386.so
0xb25f8fc0  0xb270f6d4  Yes (*)     /home/server97356/game/cstrike/addons/revoice_plus/revoice_plus_mm.so
0xb21b5b70  0xb242d984  Yes (*)     /home/server97356/game/cstrike/addons/revoice_plus/voice_utils_amxx_i386.so
0xb1d8b070  0xb1def2e0  Yes (*)     /home/server97356/game/cstrike/addons/amxmodx/dlls/amxmodx_mm_i386.so
0xb1a51790  0xb1ae9fc5  Yes (*)     cstrike/addons/amxmodx/modules/mysql_amxx_i386.so
0xb206f190  0xb207525a  Yes         cstrike/addons/amxmodx/modules/csx_amxx_i386.so
0xb1a11250  0xb1a24c29  Yes         cstrike/addons/amxmodx/modules/cstrike_amxx_i386.so
0xb1996a40  0xb19e7810  Yes (*)     cstrike/addons/amxmodx/modules/reapi_amxx_i386.so
0xb17db3f0  0xb18ebaa8  Yes (*)     cstrike/addons/amxmodx/modules/refsapi_amxx_i386.so
0xaf75a130  0xaf760810  Yes (*)     cstrike/addons/amxmodx/modules/reaimdetector_amxx_i386.so
0xaeea0fe0  0xaf11db44  Yes (*)     cstrike/addons/amxmodx/modules/nextclientapi_amxx_i386.so
0xaed4a3c0  0xaee0a88d  Yes (*)     /home/server97356/game/cstrike/addons/yapb/bin/yapb.so
0xae5b7290  0xae5c380c  Yes (*)     cstrike/addons/amxmodx/modules/engine_amxx_i386.so
0xae55f830  0xae5a6974  Yes (*)     cstrike/addons/amxmodx/modules/hamsandwich_amxx_i386.so
0xaf7309b0  0xaf734a08  Yes (*)     cstrike/addons/amxmodx/modules/nvault_amxx_i386.so
0xad9ff9e0  0xada2bdac  Yes (*)     cstrike/addons/amxmodx/modules/fakemeta_amxx_i386.so
0xaf715660  0xaf719f84  Yes (*)     cstrike/addons/amxmodx/modules/fun_amxx_i386.so
0xac9ea4e0  0xaca23cb4  Yes (*)     cstrike/addons/amxmodx/modules/authemu_amxx_i386.so
0xac898a50  0xac89e8e4  Yes (*)     cstrike/addons/amxmodx/modules/geoip_amxx_i386.so
0xae110be0  0xae1141f4  Yes (*)     /lib/libnss_dns.so.2
0xae0f96b0  0xae1081a4  Yes (*)     /lib/libresolv.so.2
0x9ffd79c0  0xa10eba44  Yes (*)     ./steamclient.so
0x9be57670  0x9becd020  Yes (*)     ./crashhandler.so
(*): Shared library is missing debugging information.
Stack level 0, frame at 0x0:
 eip = 0xb678e7bc in L10; saved eip 0xb678e7bc
 Outermost frame: outermost
 Arglist at unknown address.
 Locals at unknown address, Previous frame's sp in esp
End of crash report
----------------------------------------------


-------- LAST 200 LINES FROM screen.log--------------------------------------
[DEBUG] run_query(): ABORTED, q = 0x8beafb8
[DEBUG] free_query: FREE DATA, q = 0x8beafb8
[DEBUG] run_query(): ABORTED, q = 0x8beb038
[DEBUG] free_query: FREE DATA, q = 0x8beb038
[DEBUG] run_query(): ABORTED, q = 0x8beb4c8
[DEBUG] free_query: FREE DATA, q = 0x8beb4c8
[DEBUG] run_query(): ABORTED, q = 0x8beb588
[DEBUG] free_query: FREE DATA, q = 0x8beb588
[DEBUG] run_query(): ABORTED, q = 0x8beb608
[DEBUG] free_query: FREE DATA, q = 0x8beb608
[DEBUG] run_query(): ABORTED, q = 0x8beba98
[DEBUG] free_query: FREE DATA, q = 0x8beba98
[DEBUG] run_query(): ABORTED, q = 0x8bebb58
[DEBUG] free_query: FREE DATA, q = 0x8bebb58
[DEBUG] run_query(): ABORTED, q = 0x8bebbd8
[DEBUG] free_query: FREE DATA, q = 0x8bebbd8
[DEBUG] run_query(): ABORTED, q = 0x8bec068
[DEBUG] free_query: FREE DATA, q = 0x8bec068
[DEBUG] run_query(): ABORTED, q = 0x8bec128
[DEBUG] free_query: FREE DATA, q = 0x8bec128
[DEBUG] run_query(): ABORTED, q = 0x8bec1a8
[DEBUG] free_query: FREE DATA, q = 0x8bec1a8
[DEBUG] run_query(): ABORTED, q = 0x8bec638
[DEBUG] free_query: FREE DATA, q = 0x8bec638
[DEBUG] run_query(): ABORTED, q = 0x8bec6f8
[DEBUG] free_query: FREE DATA, q = 0x8bec6f8
[DEBUG] run_query(): ABORTED, q = 0x8bec778
[DEBUG] free_query: FREE DATA, q = 0x8bec778
[DEBUG] run_query(): ABORTED, q = 0x8becc08
[DEBUG] free_query: FREE DATA, q = 0x8becc08
[DEBUG] run_query(): ABORTED, q = 0x8beccc8
[DEBUG] free_query: FREE DATA, q = 0x8beccc8
[DEBUG] run_query(): ABORTED, q = 0x8becd48
[DEBUG] free_query: FREE DATA, q = 0x8becd48
[DEBUG] run_query(): ABORTED, q = 0x8bed1d8
[DEBUG] free_query: FREE DATA, q = 0x8bed1d8
[DEBUG] run_query(): ABORTED, q = 0x8bed298
[DEBUG] free_query: FREE DATA, q = 0x8bed298
[DEBUG] run_query(): ABORTED, q = 0x8bed318
[DEBUG] free_query: FREE DATA, q = 0x8bed318
[DEBUG] run_query(): ABORTED, q = 0x8bed7a8
[DEBUG] free_query: FREE DATA, q = 0x8bed7a8
[DEBUG] run_query(): ABORTED, q = 0x8bed868
[DEBUG] free_query: FREE DATA, q = 0x8bed868
[DEBUG] run_query(): ABORTED, q = 0x8bed8e8
[DEBUG] free_query: FREE DATA, q = 0x8bed8e8
[DEBUG] run_query(): ABORTED, q = 0x8bedd78
[DEBUG] free_query: FREE DATA, q = 0x8bedd78
[DEBUG] run_query(): ABORTED, q = 0x8bede38
[DEBUG] free_query: FREE DATA, q = 0x8bede38
[DEBUG] run_query(): ABORTED, q = 0x8bedeb8
[DEBUG] free_query: FREE DATA, q = 0x8bedeb8
[DEBUG] run_query(): ABORTED, q = 0x8bee348
[DEBUG] free_query: FREE DATA, q = 0x8bee348
[DEBUG] run_query(): ABORTED, q = 0x8bee408
[DEBUG] free_query: FREE DATA, q = 0x8bee408
[DEBUG] run_query(): ABORTED, q = 0x8bee488
[DEBUG] free_query: FREE DATA, q = 0x8bee488
[DEBUG] run_query(): ABORTED, q = 0x8bee918
[DEBUG] free_query: FREE DATA, q = 0x8bee918
[DEBUG] run_query(): ABORTED, q = 0x8bee9d8
[DEBUG] free_query: FREE DATA, q = 0x8bee9d8
[DEBUG] run_query(): ABORTED, q = 0x8beea58
[DEBUG] free_query: FREE DATA, q = 0x8beea58
[DEBUG] run_query(): ABORTED, q = 0x8beeee8
[DEBUG] free_query: FREE DATA, q = 0x8beeee8
[DEBUG] run_query(): ABORTED, q = 0x8beefa8
[DEBUG] free_query: FREE DATA, q = 0x8beefa8
[DEBUG] run_query(): ABORTED, q = 0x8bef028
[DEBUG] free_query: FREE DATA, q = 0x8bef028
[DEBUG] run_query(): ABORTED, q = 0x8bef4b8
[DEBUG] free_query: FREE DATA, q = 0x8bef4b8
[DEBUG] run_query(): ABORTED, q = 0x8bef578
[DEBUG] free_query: FREE DATA, q = 0x8bef578
[DEBUG] run_query(): ABORTED, q = 0x8bef5f8
[DEBUG] free_query: FREE DATA, q = 0x8bef5f8
[DEBUG] run_query(): ABORTED, q = 0x8befa88
[DEBUG] free_query: FREE DATA, q = 0x8befa88
[DEBUG] run_query(): ABORTED, q = 0x8befb48
[DEBUG] free_query: FREE DATA, q = 0x8befb48
[DEBUG] run_query(): ABORTED, q = 0x8befbc8
[DEBUG] free_query: FREE DATA, q = 0x8befbc8
[DEBUG] run_query(): ABORTED, q = 0x8bf0058
[DEBUG] free_query: FREE DATA, q = 0x8bf0058
[DEBUG] run_query(): ABORTED, q = 0x8bf0118
[DEBUG] free_query: FREE DATA, q = 0x8bf0118
[DEBUG] run_query(): ABORTED, q = 0x8bf0198
[DEBUG] free_query: FREE DATA, q = 0x8bf0198
[DEBUG] run_query(): ABORTED, q = 0x8bf0628
[DEBUG] free_query: FREE DATA, q = 0x8bf0628
[DEBUG] run_query(): ABORTED, q = 0x8bf06e8
[DEBUG] free_query: FREE DATA, q = 0x8bf06e8
[DEBUG] run_query(): ABORTED, q = 0x8bf0768
[DEBUG] free_query: FREE DATA, q = 0x8bf0768
[DEBUG] run_query(): ABORTED, q = 0x8bf0bf8
[DEBUG] free_query: FREE DATA, q = 0x8bf0bf8
[DEBUG] run_query(): free query = 0x8be4670
[DEBUG] run_query(): free query = 0x8be4730
[DEBUG] run_query(): free query = 0x8be47b0
[DEBUG] run_query(): free query = 0x8be4c40
[DEBUG] run_query(): free query = 0x8be4d00
[DEBUG] run_query(): free query = 0x8be4d80
[DEBUG] run_query(): free query = 0x8be5210
[DEBUG] run_query(): free query = 0x8be52d0
[DEBUG] run_query(): free query = 0x8be5350
[DEBUG] run_query(): free query = 0x8be57e0
[DEBUG] run_query(): free query = 0x8be58a0
[DEBUG] run_query(): free query = 0x8be5920
[DEBUG] run_query(): free query = 0x8be5db0
[DEBUG] run_query(): free query = 0x8be5e70
[DEBUG] run_query(): free query = 0x8be5ef0
[DEBUG] run_query(): free query = 0x8be6380
[DEBUG] run_query(): free query = 0x8be6440
[DEBUG] run_query(): free query = 0x8be64c0
[DEBUG] run_query(): free query = 0x8be6950
[DEBUG] run_query(): free query = 0x8be6a10
[DEBUG] run_query(): free query = 0x8be6a90
[DEBUG] run_query(): free query = 0x8be6f20
[DEBUG] run_query(): free query = 0x8be6fe0
[DEBUG] run_query(): free query = 0x8be7060
[DEBUG] run_query(): free query = 0x8be74f0
[DEBUG] run_query(): free query = 0x8be75b0
[DEBUG] run_query(): free query = 0x8be7630
[DEBUG] run_query(): free query = 0x8be7ac0
[DEBUG] run_query(): free query = 0x8be7b80
[DEBUG] run_query(): free query = 0x8be7c00
[DEBUG] run_query(): free query = 0x8be80b0
[DEBUG] run_query(): free query = 0x8be8278
[DEBUG] run_query(): free query = 0x8be8338
[DEBUG] run_query(): free query = 0x8be83b8
[DEBUG] run_query(): free query = 0x8be8848
[DEBUG] run_query(): free query = 0x8be8908
[DEBUG] run_query(): free query = 0x8be8988
[DEBUG] run_query(): free query = 0x8be8e18
[DEBUG] run_query(): free query = 0x8be8ed8
[DEBUG] run_query(): free query = 0x8be8f58
[DEBUG] run_query(): free query = 0x8be93e8
[DEBUG] run_query(): free query = 0x8be94a8
[DEBUG] run_query(): free query = 0x8be9528
[DEBUG] run_query(): free query = 0x8be99b8
[DEBUG] run_query(): free query = 0x8be9a78
[DEBUG] run_query(): free query = 0x8be9af8
[DEBUG] run_query(): free query = 0x8be9fa8
[DEBUG] run_query(): free query = 0x8bea170
[DEBUG] run_query(): free query = 0x8bea230
[DEBUG] run_query(): free query = 0x8bea2b0
[DEBUG] run_query(): free query = 0x8bea740
[DEBUG] run_query(): free query = 0x8bea800
[DEBUG] run_query(): free query = 0x8bea880
[DEBUG] run_query(): free query = 0x8bead30
[DEBUG] run_query(): free query = 0x8beaef8
[DEBUG] run_query(): free query = 0x8beafb8
[DEBUG] run_query(): free query = 0x8beb038
[DEBUG] run_query(): free query = 0x8beb4c8
[DEBUG] run_query(): free query = 0x8beb588
[DEBUG] run_query(): free query = 0x8beb608
[DEBUG] run_query(): free query = 0x8beba98
[DEBUG] run_query(): free query = 0x8bebb58
[DEBUG] run_query(): free query = 0x8bebbd8
[DEBUG] run_query(): free query = 0x8bec068
[DEBUG] run_query(): free query = 0x8bec128
[DEBUG] run_query(): free query = 0x8bec1a8
[DEBUG] run_query(): free query = 0x8bec638
[DEBUG] run_query(): free query = 0x8bec6f8
[DEBUG] run_query(): free query = 0x8bec778
[DEBUG] run_query(): free query = 0x8becc08
[DEBUG] run_query(): free query = 0x8beccc8
[DEBUG] run_query(): free query = 0x8becd48
[DEBUG] run_query(): free query = 0x8bed1d8
[DEBUG] run_query(): free query = 0x8bed298
[DEBUG] run_query(): free query = 0x8bed318
[DEBUG] run_query(): free query = 0x8bed7a8
[DEBUG] run_query(): free query = 0x8bed868
[DEBUG] run_query(): free query = 0x8bed8e8
[DEBUG] run_query(): free query = 0x8bedd78
[DEBUG] run_query(): free query = 0x8bede38
[DEBUG] run_query(): free query = 0x8bedeb8
[DEBUG] run_query(): free query = 0x8bee348
[DEBUG] run_query(): free query = 0x8bee408
[DEBUG] run_query(): free query = 0x8bee488
[DEBUG] run_query(): free query = 0x8bee918
[DEBUG] run_query(): free query = 0x8bee9d8
[DEBUG] run_query(): free query = 0x8beea58
[DEBUG] run_query(): free query = 0x8beeee8
[DEBUG] run_query(): free query = 0x8beefa8
[DEBUG] run_query(): free query = 0x8bef028
[DEBUG] run_query(): free query = 0x8bef4b8
[DEBUG] run_query(): free query = 0x8bef578
[DEBUG] run_query(): free query = 0x8bef5f8
[DEBUG] run_query(): free query = 0x8befa88
[DEBUG] run_query(): free query = 0x8befb48
[DEBUG] run_query(): free query = 0x8befbc8
[DEBUG] run_query(): free query = 0x8bf0058
[DEBUG] run_query(): free query = 0x8bf0118
[DEBUG] run_query(): free query = 0x8bf0198
[DEBUG] run_query(): free query = 0x8bf0628
[DEBUG] run_query(): free query = 0x8bf06e8
[DEBUG] run_query(): free query = 0x8bf0768
[DEBUG] run_query(): free query = 0x8bf0bf8
./hlds_run: line 272: 17792 Segmentation fault      (core dumped) $HL_CMD
